This is pdfTeX, Version 3.141592653-2.6-1.40.24 (TeX Live 2022) (preloaded format=pdflatex 2022.8.12)  28 JUN 2024 14:29
entering extended mode
 restricted \write18 enabled.
 file:line:error style messages enabled.
 %&-line parsing enabled.
**c:/Users/17757746/Desktop/Projects/thesis/thesis.tex
(c:/Users/17757746/Desktop/Projects/thesis/thesis.tex
LaTeX2e <2022-06-01> patch level 5
L3 programming layer <2022-08-05> (./curtinThesis.cls
Document Class: curtinThesis 2018/11/07 Curtin Thesis Class
(c:/texlive/2022/texmf-dist/tex/latex/base/book.cls
Document Class: book 2021/10/04 v1.4n Standard LaTeX document class
(c:/texlive/2022/texmf-dist/tex/latex/base/bk12.clo
File: bk12.clo 2021/10/04 v1.4n Standard LaTeX file (size option)
)
\c@part=\count185
\c@chapter=\count186
\c@section=\count187
\c@subsection=\count188
\c@subsubsection=\count189
\c@paragraph=\count190
\c@subparagraph=\count191
\c@figure=\count192
\c@table=\count193
\abovecaptionskip=\skip47
\belowcaptionskip=\skip48
\bibindent=\dimen138
) (c:/texlive/2022/texmf-dist/tex/latex/amsfonts/amsfonts.sty
Package: amsfonts 2013/01/14 v3.01 Basic AMSFonts support
\@emptytoks=\toks16
\symAMSa=\mathgroup4
\symAMSb=\mathgroup5
LaTeX Font Info:    Redeclaring math symbol \hbar on input line 98.
LaTeX Font Info:    Overwriting math alphabet `\mathfrak' in version `bold'
(Font)                  U/euf/m/n --> U/euf/b/n on input line 106.
) (c:/texlive/2022/texmf-dist/tex/latex/amsmath/amsmath.sty
Package: amsmath 2022/04/08 v2.17n AMS math features
\@mathmargin=\skip49

For additional information on amsmath, use the `?' option.
(c:/texlive/2022/texmf-dist/tex/latex/amsmath/amstext.sty
Package: amstext 2021/08/26 v2.01 AMS text
 (c:/texlive/2022/texmf-dist/tex/latex/amsmath/amsgen.sty
File: amsgen.sty 1999/11/30 v2.0 generic functions
\@emptytoks=\toks17
\ex@=\dimen139
)) (c:/texlive/2022/texmf-dist/tex/latex/amsmath/amsbsy.sty
Package: amsbsy 1999/11/29 v1.2d Bold Symbols
\pmbraise@=\dimen140
) (c:/texlive/2022/texmf-dist/tex/latex/amsmath/amsopn.sty
Package: amsopn 2022/04/08 v2.04 operator names
)
\inf@bad=\count194
LaTeX Info: Redefining \frac on input line 234.
\uproot@=\count195
\leftroot@=\count196
LaTeX Info: Redefining \overline on input line 399.
LaTeX Info: Redefining \colon on input line 410.
\classnum@=\count197
\DOTSCASE@=\count198
LaTeX Info: Redefining \ldots on input line 496.
LaTeX Info: Redefining \dots on input line 499.
LaTeX Info: Redefining \cdots on input line 620.
\Mathstrutbox@=\box51
\strutbox@=\box52
LaTeX Info: Redefining \big on input line 722.
LaTeX Info: Redefining \Big on input line 723.
LaTeX Info: Redefining \bigg on input line 724.
LaTeX Info: Redefining \Bigg on input line 725.
\big@size=\dimen141
LaTeX Font Info:    Redeclaring font encoding OML on input line 743.
LaTeX Font Info:    Redeclaring font encoding OMS on input line 744.
\macc@depth=\count199
LaTeX Info: Redefining \bmod on input line 905.
LaTeX Info: Redefining \pmod on input line 910.
LaTeX Info: Redefining \smash on input line 940.
LaTeX Info: Redefining \relbar on input line 970.
LaTeX Info: Redefining \Relbar on input line 971.
\c@MaxMatrixCols=\count266
\dotsspace@=\muskip16
\c@parentequation=\count267
\dspbrk@lvl=\count268
\tag@help=\toks18
\row@=\count269
\column@=\count270
\maxfields@=\count271
\andhelp@=\toks19
\eqnshift@=\dimen142
\alignsep@=\dimen143
\tagshift@=\dimen144
\tagwidth@=\dimen145
\totwidth@=\dimen146
\lineht@=\dimen147
\@envbody=\toks20
\multlinegap=\skip50
\multlinetaggap=\skip51
\mathdisplay@stack=\toks21
LaTeX Info: Redefining \[ on input line 2953.
LaTeX Info: Redefining \] on input line 2954.
) (c:/texlive/2022/texmf-dist/tex/latex/amsfonts/amssymb.sty
Package: amssymb 2013/01/14 v3.01 AMS font symbols
) (c:/texlive/2022/texmf-dist/tex/latex/graphics/graphicx.sty
Package: graphicx 2021/09/16 v1.2d Enhanced LaTeX Graphics (DPC,SPQR)
 (c:/texlive/2022/texmf-dist/tex/latex/graphics/keyval.sty
Package: keyval 2022/05/29 v1.15 key=value parser (DPC)
\KV@toks@=\toks22
) (c:/texlive/2022/texmf-dist/tex/latex/graphics/graphics.sty
Package: graphics 2022/03/10 v1.4e Standard LaTeX Graphics (DPC,SPQR)
 (c:/texlive/2022/texmf-dist/tex/latex/graphics/trig.sty
Package: trig 2021/08/11 v1.11 sin cos tan (DPC)
) (c:/texlive/2022/texmf-dist/tex/latex/graphics-cfg/graphics.cfg
File: graphics.cfg 2016/06/04 v1.11 sample graphics configuration
)
Package graphics Info: Driver file: pdftex.def on input line 107.
 (c:/texlive/2022/texmf-dist/tex/latex/graphics-def/pdftex.def
File: pdftex.def 2020/10/05 v1.2a Graphics/color driver for pdftex
))
\Gin@req@height=\dimen148
\Gin@req@width=\dimen149
) (c:/texlive/2022/texmf-dist/tex/latex/xcolor/xcolor.sty
Package: xcolor 2022/06/12 v2.14 LaTeX color extensions (UK)
 (c:/texlive/2022/texmf-dist/tex/latex/graphics-cfg/color.cfg
File: color.cfg 2016/01/02 v1.6 sample color configuration
)
Package xcolor Info: Driver file: pdftex.def on input line 227.
 (c:/texlive/2022/texmf-dist/tex/latex/colortbl/colortbl.sty
Package: colortbl 2022/06/20 v1.0f Color table columns (DPC)
 (c:/texlive/2022/texmf-dist/tex/latex/tools/array.sty
Package: array 2022/03/10 v2.5f Tabular extension package (FMi)
\col@sep=\dimen150
\ar@mcellbox=\box53
\extrarowheight=\dimen151
\NC@list=\toks23
\extratabsurround=\skip52
\backup@length=\skip53
\ar@cellbox=\box54
)
\everycr=\toks24
\minrowclearance=\skip54
\rownum=\count272
) (c:/texlive/2022/texmf-dist/tex/latex/graphics/mathcolor.ltx)
Package xcolor Info: Model `cmy' substituted by `cmy0' on input line 1353.
Package xcolor Info: Model `hsb' substituted by `rgb' on input line 1357.
Package xcolor Info: Model `RGB' extended on input line 1369.
Package xcolor Info: Model `HTML' substituted by `rgb' on input line 1371.
Package xcolor Info: Model `Hsb' substituted by `hsb' on input line 1372.
Package xcolor Info: Model `tHsb' substituted by `hsb' on input line 1373.
Package xcolor Info: Model `HSB' substituted by `hsb' on input line 1374.
Package xcolor Info: Model `Gray' substituted by `gray' on input line 1375.
Package xcolor Info: Model `wave' substituted by `hsb' on input line 1376.
) (c:/texlive/2022/texmf-dist/tex/latex/pdfpages/pdfpages.sty
Package: pdfpages 2022/05/22 v0.5v Insert pages of external PDF documents (AM)
 (c:/texlive/2022/texmf-dist/tex/latex/base/ifthen.sty
Package: ifthen 2022/04/13 v1.1d Standard LaTeX ifthen package (DPC)
) (c:/texlive/2022/texmf-dist/tex/latex/tools/calc.sty
Package: calc 2017/05/25 v4.3 Infix arithmetic (KKT,FJ)
\calc@Acount=\count273
\calc@Bcount=\count274
\calc@Adimen=\dimen152
\calc@Bdimen=\dimen153
\calc@Askip=\skip55
\calc@Bskip=\skip56
LaTeX Info: Redefining \setlength on input line 80.
LaTeX Info: Redefining \addtolength on input line 81.
\calc@Ccount=\count275
\calc@Cskip=\skip57
) (c:/texlive/2022/texmf-dist/tex/latex/eso-pic/eso-pic.sty
Package: eso-pic 2020/10/14 v3.0a eso-pic (RN)
\ESO@tempdima=\dimen154
\ESO@tempdimb=\dimen155
)
\AM@pagewidth=\dimen156
\AM@pageheight=\dimen157
\AM@fboxrule=\dimen158
 (c:/texlive/2022/texmf-dist/tex/latex/pdfpages/pppdftex.def
File: pppdftex.def 2022/05/22 v0.5v Pdfpages driver for pdfTeX (AM)
)
\pdfpages@includegraphics@status=\count276
\AM@pagebox=\box55
\AM@global@opts=\toks25
\AM@pagecnt=\count277
\AM@toc@title=\toks26
\c@AM@survey=\count278
\AM@templatesizebox=\box56
) (c:/texlive/2022/texmf-dist/tex/latex/emptypage/emptypage.sty
Package: emptypage 2010/05/30 v1.2 Suppress page numbers and headings on empty pages
) (c:/texlive/2022/texmf-dist/tex/latex/apacite/apacite.sty
Package: apacite 2013/07/21 v6.03 APA citation
\c@BibCnt=\count279
\bibleftmargin=\skip58
\bibindent=\skip59
\bibparsep=\skip60
\bibitemsep=\skip61
\biblabelsep=\skip62
) (c:/texlive/2022/texmf-dist/tex/latex/natbib/natbib.sty
Package: natbib 2010/09/13 8.31b (PWD, AO)
\bibhang=\skip63
\bibsep=\skip64
LaTeX Info: Redefining \cite on input line 694.
\c@NAT@ctr=\count280
)
LaTeX Info: Redefining \BBA on input line 159.
 (c:/texlive/2022/texmf-dist/tex/latex/appendix/appendix.sty
Package: appendix 2020/02/08 v1.2c extra appendix facilities
\c@@pps=\count281
\c@@ppsavesec=\count282
\c@@ppsaveapp=\count283
) (c:/texlive/2022/texmf-dist/tex/latex/tocbibind/tocbibind.sty
Package: tocbibind 2010/10/13 v1.5k extra ToC listings
Package tocbibind Info: The document has chapter divisions on input line 50.


Package tocbibind Note: Using chapter style headings, unless overridden.

) (c:/texlive/2022/texmf-dist/tex/latex/setspace/setspace.sty
Package: setspace 2011/12/19 v6.7a set line spacing
) (c:/texlive/2022/texmf-dist/tex/latex/tools/xspace.sty
Package: xspace 2014/10/28 v1.13 Space after command names (DPC,MH)
) (c:/texlive/2022/texmf-dist/tex/latex/tools/multicol.sty
Package: multicol 2021/11/30 v1.9d multicolumn formatting (FMi)
\c@tracingmulticols=\count284
\mult@box=\box57
\multicol@leftmargin=\dimen159
\c@unbalance=\count285
\c@collectmore=\count286
\doublecol@number=\count287
\multicoltolerance=\count288
\multicolpretolerance=\count289
\full@width=\dimen160
\page@free=\dimen161
\premulticols=\dimen162
\postmulticols=\dimen163
\multicolsep=\skip65
\multicolbaselineskip=\skip66
\partial@page=\box58
\last@line=\box59
\maxbalancingoverflow=\dimen164
\mult@rightbox=\box60
\mult@grightbox=\box61
\mult@firstbox=\box62
\mult@gfirstbox=\box63
\@tempa=\box64
\@tempa=\box65
\@tempa=\box66
\@tempa=\box67
\@tempa=\box68
\@tempa=\box69
\@tempa=\box70
\@tempa=\box71
\@tempa=\box72
\@tempa=\box73
\@tempa=\box74
\@tempa=\box75
\@tempa=\box76
\@tempa=\box77
\@tempa=\box78
\@tempa=\box79
\@tempa=\box80
\@tempa=\box81
\@tempa=\box82
\@tempa=\box83
\@tempa=\box84
\@tempa=\box85
\@tempa=\box86
\@tempa=\box87
\@tempa=\box88
\@tempa=\box89
\@tempa=\box90
\@tempa=\box91
\@tempa=\box92
\@tempa=\box93
\@tempa=\box94
\@tempa=\box95
\@tempa=\box96
\@tempa=\box97
\@tempa=\box98
\@tempa=\box99
\c@minrows=\count290
\c@columnbadness=\count291
\c@finalcolumnbadness=\count292
\last@try=\dimen165
\multicolovershoot=\dimen166
\multicolundershoot=\dimen167
\mult@nat@firstbox=\box100
\colbreak@box=\box101
\mc@col@check@num=\count293
) (c:/texlive/2022/texmf-dist/tex/latex/rotfloat/rotfloat.sty
Package: rotfloat 2004/01/04 v1.2 Combining float+rotating package (AS)
 (c:/texlive/2022/texmf-dist/tex/latex/float/float.sty
Package: float 2001/11/08 v1.3d Float enhancements (AL)
\c@float@type=\count294
\float@exts=\toks27
\float@box=\box102
\@float@everytoks=\toks28
\@floatcapt=\box103
) (c:/texlive/2022/texmf-dist/tex/latex/graphics/rotating.sty
Package: rotating 2016/08/11 v2.16d rotated objects in LaTeX
\c@r@tfl@t=\count295
\rotFPtop=\skip67
\rotFPbot=\skip68
\rot@float@box=\box104
\rot@mess@toks=\toks29
)
Package rotfloat Info: float package v1.3 detected on input line 74.
) (c:/texlive/2022/texmf-dist/tex/latex/listings/listings.sty
\lst@mode=\count296
\lst@gtempboxa=\box105
\lst@token=\toks30
\lst@length=\count297
\lst@currlwidth=\dimen168
\lst@column=\count298
\lst@pos=\count299
\lst@lostspace=\dimen169
\lst@width=\dimen170
\lst@newlines=\count300
\lst@lineno=\count301
\lst@maxwidth=\dimen171
 (c:/texlive/2022/texmf-dist/tex/latex/listings/lstmisc.sty
File: lstmisc.sty 2020/03/24 1.8d (Carsten Heinz)
\c@lstnumber=\count302
\lst@skipnumbers=\count303
\lst@framebox=\box106
) (c:/texlive/2022/texmf-dist/tex/latex/listings/listings.cfg
File: listings.cfg 2020/03/24 1.8d listings configuration
))
Package: listings 2020/03/24 1.8d (Carsten Heinz)
 (c:/texlive/2022/texmf-dist/tex/generic/soul/soul.sty
Package: soul 2003/11/17 v2.4 letterspacing/underlining (mf)
\SOUL@word=\toks31
\SOUL@lasttoken=\toks32
\SOUL@cmds=\toks33
\SOUL@buffer=\toks34
\SOUL@token=\toks35
\SOUL@spaceskip=\skip69
\SOUL@ttwidth=\dimen172
\SOUL@uldp=\dimen173
\SOUL@ulht=\dimen174
) (c:/texlive/2022/texmf-dist/tex/latex/hyperref/hyperref.sty
Package: hyperref 2022-06-20 v7.00s Hypertext links for LaTeX
 (c:/texlive/2022/texmf-dist/tex/generic/ltxcmds/ltxcmds.sty
Package: ltxcmds 2020-05-10 v1.25 LaTeX kernel commands for general use (HO)
) (c:/texlive/2022/texmf-dist/tex/generic/iftex/iftex.sty
Package: iftex 2022/02/03 v1.0f TeX engine tests
) (c:/texlive/2022/texmf-dist/tex/generic/pdftexcmds/pdftexcmds.sty
Package: pdftexcmds 2020-06-27 v0.33 Utility functions of pdfTeX for LuaTeX (HO)
 (c:/texlive/2022/texmf-dist/tex/generic/infwarerr/infwarerr.sty
Package: infwarerr 2019/12/03 v1.5 Providing info/warning/error messages (HO)
)
Package pdftexcmds Info: \pdf@primitive is available.
Package pdftexcmds Info: \pdf@ifprimitive is available.
Package pdftexcmds Info: \pdfdraftmode found.
) (c:/texlive/2022/texmf-dist/tex/generic/kvsetkeys/kvsetkeys.sty
Package: kvsetkeys 2019/12/15 v1.18 Key value parser (HO)
) (c:/texlive/2022/texmf-dist/tex/generic/kvdefinekeys/kvdefinekeys.sty
Package: kvdefinekeys 2019-12-19 v1.6 Define keys (HO)
) (c:/texlive/2022/texmf-dist/tex/generic/pdfescape/pdfescape.sty
Package: pdfescape 2019/12/09 v1.15 Implements pdfTeX's escape features (HO)
) (c:/texlive/2022/texmf-dist/tex/latex/hycolor/hycolor.sty
Package: hycolor 2020-01-27 v1.10 Color options for hyperref/bookmark (HO)
) (c:/texlive/2022/texmf-dist/tex/latex/letltxmacro/letltxmacro.sty
Package: letltxmacro 2019/12/03 v1.6 Let assignment for LaTeX macros (HO)
) (c:/texlive/2022/texmf-dist/tex/latex/auxhook/auxhook.sty
Package: auxhook 2019-12-17 v1.6 Hooks for auxiliary files (HO)
) (c:/texlive/2022/texmf-dist/tex/latex/hyperref/nameref.sty
Package: nameref 2022-05-17 v2.50 Cross-referencing by name of section
 (c:/texlive/2022/texmf-dist/tex/latex/refcount/refcount.sty
Package: refcount 2019/12/15 v3.6 Data extraction from label references (HO)
) (c:/texlive/2022/texmf-dist/tex/generic/gettitlestring/gettitlestring.sty
Package: gettitlestring 2019/12/15 v1.6 Cleanup title references (HO)
 (c:/texlive/2022/texmf-dist/tex/latex/kvoptions/kvoptions.sty
Package: kvoptions 2022-06-15 v3.15 Key value format for package options (HO)
))
\c@section@level=\count304
)
\@linkdim=\dimen175
\Hy@linkcounter=\count305
\Hy@pagecounter=\count306
 (c:/texlive/2022/texmf-dist/tex/latex/hyperref/pd1enc.def
File: pd1enc.def 2022-06-20 v7.00s Hyperref: PDFDocEncoding definition (HO)
Now handling font encoding PD1 ...
... no UTF-8 mapping file for font encoding PD1
) (c:/texlive/2022/texmf-dist/tex/generic/intcalc/intcalc.sty
Package: intcalc 2019/12/15 v1.3 Expandable calculations with integers (HO)
) (c:/texlive/2022/texmf-dist/tex/generic/etexcmds/etexcmds.sty
Package: etexcmds 2019/12/15 v1.7 Avoid name clashes with e-TeX commands (HO)
)
\Hy@SavedSpaceFactor=\count307
 (c:/texlive/2022/texmf-dist/tex/latex/hyperref/puenc.def
File: puenc.def 2022-06-20 v7.00s Hyperref: PDF Unicode definition (HO)
Now handling font encoding PU ...
... no UTF-8 mapping file for font encoding PU
)
Package hyperref Info: Option `colorlinks' set `true' on input line 4045.
Package hyperref Info: Hyper figures OFF on input line 4162.
Package hyperref Info: Link nesting OFF on input line 4167.
Package hyperref Info: Hyper index ON on input line 4170.
Package hyperref Info: Plain pages OFF on input line 4177.
Package hyperref Info: Backreferencing OFF on input line 4182.
Package hyperref Info: Implicit mode ON; LaTeX internals redefined.
Package hyperref Info: Bookmarks ON on input line 4408.
\c@Hy@tempcnt=\count308
 (c:/texlive/2022/texmf-dist/tex/latex/url/url.sty
\Urlmuskip=\muskip17
Package: url 2013/09/16  ver 3.4  Verb mode for urls, etc.
)
LaTeX Info: Redefining \url on input line 4746.
\XeTeXLinkMargin=\dimen176
 (c:/texlive/2022/texmf-dist/tex/generic/bitset/bitset.sty
Package: bitset 2019/12/09 v1.3 Handle bit-vector datatype (HO)
 (c:/texlive/2022/texmf-dist/tex/generic/bigintcalc/bigintcalc.sty
Package: bigintcalc 2019/12/15 v1.5 Expandable calculations on big integers (HO)
))
\Fld@menulength=\count309
\Field@Width=\dimen177
\Fld@charsize=\dimen178
Package hyperref Info: Hyper figures OFF on input line 6024.
Package hyperref Info: Link nesting OFF on input line 6029.
Package hyperref Info: Hyper index ON on input line 6032.
Package hyperref Info: backreferencing OFF on input line 6039.
Package hyperref Info: Link coloring ON on input line 6042.
Package hyperref Info: Link coloring with OCG OFF on input line 6049.
Package hyperref Info: PDF/A mode OFF on input line 6054.
 (c:/texlive/2022/texmf-dist/tex/latex/base/atbegshi-ltx.sty
Package: atbegshi-ltx 2021/01/10 v1.0c Emulation of the original atbegshi
package with kernel methods
)
\Hy@abspage=\count310
\c@Item=\count311
\c@Hfootnote=\count312
)
Package hyperref Info: Driver (autodetected): hpdftex.
 (c:/texlive/2022/texmf-dist/tex/latex/hyperref/hpdftex.def
File: hpdftex.def 2022-06-20 v7.00s Hyperref driver for pdfTeX
 (c:/texlive/2022/texmf-dist/tex/latex/base/atveryend-ltx.sty
Package: atveryend-ltx 2020/08/19 v1.0a Emulation of the original atveryend package
with kernel methods
)
\Fld@listcount=\count313
\c@bookmark@seq@number=\count314
 (c:/texlive/2022/texmf-dist/tex/latex/rerunfilecheck/rerunfilecheck.sty
Package: rerunfilecheck 2022-07-10 v1.10 Rerun checks for auxiliary files (HO)
 (c:/texlive/2022/texmf-dist/tex/generic/uniquecounter/uniquecounter.sty
Package: uniquecounter 2019/12/15 v1.4 Provide unlimited unique counter (HO)
)
Package uniquecounter Info: New unique counter `rerunfilecheck' on input line 285.
)
\Hy@SectionHShift=\skip70
)) (./unitabbrev.sty
Package: unitabbrev 2018/11/08 Common unit abbreviations
) (./adsshort.sty
Package: adsshort 2018/11/08 Common bibliographical macros from the Astrophysics Data System
) (c:/texlive/2022/texmf-dist/tex/latex/caption/subcaption.sty
Package: subcaption 2022/01/07 v1.5 Sub-captions (AR)
 (c:/texlive/2022/texmf-dist/tex/latex/caption/caption.sty
Package: caption 2022/03/01 v3.6b Customizing captions (AR)
 (c:/texlive/2022/texmf-dist/tex/latex/caption/caption3.sty
Package: caption3 2022/03/17 v2.3b caption3 kernel (AR)
\caption@tempdima=\dimen179
\captionmargin=\dimen180
\caption@leftmargin=\dimen181
\caption@rightmargin=\dimen182
\caption@width=\dimen183
\caption@indent=\dimen184
\caption@parindent=\dimen185
\caption@hangindent=\dimen186
Package caption Info: Standard document class detected.
)
\c@caption@flags=\count315
\c@continuedfloat=\count316
Package caption Info: float package is loaded.
Package caption Info: hyperref package is loaded.
Package caption Info: listings package is loaded.
Package caption Info: rotating package is loaded.
)
\c@subfigure=\count317
\c@subtable=\count318
) (c:/texlive/2022/texmf-dist/tex/latex/booktabs/booktabs.sty
Package: booktabs 2020/01/12 v1.61803398 Publication quality tables
\heavyrulewidth=\dimen187
\lightrulewidth=\dimen188
\cmidrulewidth=\dimen189
\belowrulesep=\dimen190
\belowbottomsep=\dimen191
\aboverulesep=\dimen192
\abovetopsep=\dimen193
\cmidrulesep=\dimen194
\cmidrulekern=\dimen195
\defaultaddspace=\dimen196
\@cmidla=\count319
\@cmidlb=\count320
\@aboverulesep=\dimen197
\@belowrulesep=\dimen198
\@thisruleclass=\count321
\@lastruleclass=\count322
\@thisrulewidth=\dimen199
) (c:/texlive/2022/texmf-dist/tex/latex/mathtools/mathtools.sty
Package: mathtools 2022/06/29 v1.29 mathematical typesetting tools
 (c:/texlive/2022/texmf-dist/tex/latex/mathtools/mhsetup.sty
Package: mhsetup 2021/03/18 v1.4 programming setup (MH)
)
\g_MT_multlinerow_int=\count323
\l_MT_multwidth_dim=\dimen256
\origjot=\skip71
\l_MT_shortvdotswithinadjustabove_dim=\dimen257
\l_MT_shortvdotswithinadjustbelow_dim=\dimen258
\l_MT_above_intertext_sep=\dimen259
\l_MT_below_intertext_sep=\dimen260
\l_MT_above_shortintertext_sep=\dimen261
\l_MT_below_shortintertext_sep=\dimen262
\xmathstrut@box=\box107
\xmathstrut@dim=\dimen263
) (c:/texlive/2022/texmf-dist/tex/latex/algorithms/algorithm.sty
Package: algorithm 2009/08/24 v0.1 Document Style `algorithm' - floating environment
\@float@every@algorithm=\toks36
\c@algorithm=\count324
) (c:/texlive/2022/texmf-dist/tex/latex/algorithmicx/algpseudocode.sty
Package: algpseudocode 
 (c:/texlive/2022/texmf-dist/tex/latex/algorithmicx/algorithmicx.sty
Package: algorithmicx 2005/04/27 v1.2 Algorithmicx

Document Style algorithmicx 1.2 - a greatly improved `algorithmic' style
\c@ALG@line=\count325
\c@ALG@rem=\count326
\c@ALG@nested=\count327
\ALG@tlm=\skip72
\ALG@thistlm=\skip73
\c@ALG@Lnr=\count328
\c@ALG@blocknr=\count329
\c@ALG@storecount=\count330
\c@ALG@tmpcounter=\count331
\ALG@tmplength=\skip74
)
Document Style - pseudocode environments for use with the `algorithmicx' style
)
Package hyperref Info: Option `unicode' set `true' on input line 82.
Package hyperref Info: Option `colorlinks' set `true' on input line 82.
 (c:/texlive/2022/texmf-dist/tex/latex/l3backend/l3backend-pdftex.def
File: l3backend-pdftex.def 2022-08-05 L3 backend support: PDF output (pdfTeX)
\l__color_backend_stack_int=\count332
\l__pdf_internal_box=\box108
) (./thesis.aux (./chapters/acknowledgements.aux) (./chapters/abstract.aux) (./chapters/chapter1.aux) (./chapters/chapter2.aux) (./chapters/chapter3.aux) (./chapters/chapter4.aux) (./chapters/chapter5.aux) (./chapters/chapter6.aux) (./chapters/chapter7.aux) (./chapters/appendixA.aux) (./chapters/copyright.aux))
\openout1 = `thesis.aux'.

LaTeX Font Info:    Checking defaults for OML/cmm/m/it on input line 84.
LaTeX Font Info:    ... okay on input line 84.
LaTeX Font Info:    Checking defaults for OMS/cmsy/m/n on input line 84.
LaTeX Font Info:    ... okay on input line 84.
LaTeX Font Info:    Checking defaults for OT1/cmr/m/n on input line 84.
LaTeX Font Info:    ... okay on input line 84.
LaTeX Font Info:    Checking defaults for T1/cmr/m/n on input line 84.
LaTeX Font Info:    ... okay on input line 84.
LaTeX Font Info:    Checking defaults for TS1/cmr/m/n on input line 84.
LaTeX Font Info:    ... okay on input line 84.
LaTeX Font Info:    Checking defaults for OMX/cmex/m/n on input line 84.
LaTeX Font Info:    ... okay on input line 84.
LaTeX Font Info:    Checking defaults for U/cmr/m/n on input line 84.
LaTeX Font Info:    ... okay on input line 84.
LaTeX Font Info:    Checking defaults for PD1/pdf/m/n on input line 84.
LaTeX Font Info:    ... okay on input line 84.
LaTeX Font Info:    Checking defaults for PU/pdf/m/n on input line 84.
LaTeX Font Info:    ... okay on input line 84.
 (c:/texlive/2022/texmf-dist/tex/context/base/mkii/supp-pdf.mkii
[Loading MPS to PDF converter (version 2006.09.02).]
\scratchcounter=\count333
\scratchdimen=\dimen264
\scratchbox=\box109
\nofMPsegments=\count334
\nofMParguments=\count335
\everyMPshowfont=\toks37
\MPscratchCnt=\count336
\MPscratchDim=\dimen265
\MPnumerator=\count337
\makeMPintoPDFobject=\count338
\everyMPtoPDFconversion=\toks38
) (c:/texlive/2022/texmf-dist/tex/latex/epstopdf-pkg/epstopdf-base.sty
Package: epstopdf-base 2020-01-24 v2.11 Base part for package epstopdf
Package epstopdf-base Info: Redefining graphics rule for `.eps' on input line 485.
 (c:/texlive/2022/texmf-dist/tex/latex/latexconfig/epstopdf-sys.cfg
File: epstopdf-sys.cfg 2010/07/13 v1.3 Configuration of (r)epstopdf for TeX Live
)) (c:/texlive/2022/texmf-dist/tex/latex/pdflscape/pdflscape.sty
Package: pdflscape 2019/12/05 v0.12 Display of landscape pages in PDF (HO)
 (c:/texlive/2022/texmf-dist/tex/latex/graphics/lscape.sty
Package: lscape 2020/05/28 v3.02 Landscape Pages (DPC)
)
Package pdflscape Info: Auto-detected driver: pdftex on input line 81.
)
\c@maskedRefs=\count339
 (c:/texlive/2022/texmf-dist/tex/latex/apacite/english.apc
File: english.apc 2013/07/21 v6.03 apacite language file
LaTeX Info: Redefining \BPBI on input line 129.
LaTeX Info: Redefining \BHBI on input line 130.
)
\c@lstlisting=\count340
Package hyperref Info: Link coloring ON on input line 84.
 (./thesis.out) (./thesis.out)
\@outlinefile=\write3
\openout3 = `thesis.out'.

Package caption Info: Begin \AtBeginDocument code.
Package caption Info: End \AtBeginDocument code.
 [1


{c:/texlive/2022/texmf-var/fonts/map/pdftex/updmap/pdftex.map}] [2

] [3] [4

] [5]
\openout2 = `chapters/acknowledgements.aux'.

 (./chapters/acknowledgements.tex [6


]) [7]
\openout2 = `chapters/abstract.aux'.

 (./chapters/abstract.tex [8




]
Underfull \vbox (badness 4940) has occurred while \output is active []

 [9]) [10] (./thesis.toc
LaTeX Font Info:    Trying to load font information for U+msa on input line 4.
 (c:/texlive/2022/texmf-dist/tex/latex/amsfonts/umsa.fd
File: umsa.fd 2013/01/14 v3.01 AMS symbols A
)
LaTeX Font Info:    Trying to load font information for U+msb on input line 4.
 (c:/texlive/2022/texmf-dist/tex/latex/amsfonts/umsb.fd
File: umsb.fd 2013/01/14 v3.01 AMS symbols B
) [11



] [12] [13])
\tf@toc=\write4
\openout4 = `thesis.toc'.

 [14] (./thesis.lof [15

] [16]
Overfull \hbox (0.86554pt too wide) in paragraph at lines 28--28
 [][] []\OT1/cmr/m/n/12 Four non-noisy prior pre-dic-tive sim-u-la-tions from the com-plete pool- 
 []

[17]
Underfull \vbox (badness 10000) has occurred while \output is active []

 [18]
Underfull \vbox (badness 10000) has occurred while \output is active []

 [19])
\tf@lof=\write5
\openout5 = `thesis.lof'.


Underfull \vbox (badness 5787) has occurred while \output is active []

 [20] [21] [22

]
\openout2 = `chapters/chapter1.aux'.

 (./chapters/chapter1.tex
Chapter 1.

Underfull \vbox (badness 5203) has occurred while \output is active []

 [1


]
Underfull \vbox (badness 10000) has occurred while \output is active []

 [2] [3] [4]
Underfull \vbox (badness 10000) has occurred while \output is active []

 [5] [6] [7]
<./figures/cvr_example_edit_annotation.jpg, id=683, 722.7pt x 542.025pt>
File: ./figures/cvr_example_edit_annotation.jpg Graphic file (type jpg)
<use ./figures/cvr_example_edit_annotation.jpg>
Package pdftex.def Info: ./figures/cvr_example_edit_annotation.jpg  used on input line 52.
(pdftex.def)             Requested size: 412.56496pt x 309.42061pt.
 [8] [9 <./figures/cvr_example_edit_annotation.jpg>]
<./figures/idler_data_desc.pdf, id=705, 505.89pt x 578.16pt>
File: ./figures/idler_data_desc.pdf Graphic file (type pdf)
<use ./figures/idler_data_desc.pdf>
Package pdftex.def Info: ./figures/idler_data_desc.pdf  used on input line 63.
(pdftex.def)             Requested size: 412.56496pt x 471.50941pt.
 [10] [11 <./figures/idler_data_desc.pdf>]
<./figures/belt_wear_ut.pdf, id=726, 578.16pt x 433.62pt>
File: ./figures/belt_wear_ut.pdf Graphic file (type pdf)
<use ./figures/belt_wear_ut.pdf>
Package pdftex.def Info: ./figures/belt_wear_ut.pdf  used on input line 78.
(pdftex.def)             Requested size: 412.56496pt x 309.42061pt.

Underfull \vbox (badness 3838) has occurred while \output is active []

 [12 <./figures/belt_wear_ut.pdf>] [13] [14] [15]
Underfull \vbox (badness 10000) has occurred while \output is active []

 [16]
Underfull \vbox (badness 10000) has occurred while \output is active []

 [17]
Underfull \vbox (badness 3815) has occurred while \output is active []

 [18]
Underfull \vbox (badness 10000) has occurred while \output is active []

 [19]
Underfull \vbox (badness 10000) has occurred while \output is active []

 [20]
Overfull \hbox (5.95293pt too wide) in paragraph at lines 178--179
[]\OT1/cmr/m/n/12 Although this would be the best mea-sure of pre-dic-tive ac-cu-racy for our Bayesian
 []


Underfull \vbox (badness 10000) has occurred while \output is active []

 [21]
Underfull \vbox (badness 10000) has occurred while \output is active []

 [22]) [23] [24] [25



] [26] [27]
\openout2 = `chapters/chapter2.aux'.

 (./chapters/chapter2.tex [28


]
Chapter 2.

Underfull \vbox (badness 5203) has occurred while \output is active []

 [29]
Underfull \vbox (badness 10000) has occurred while \output is active []

 [30] [31] [32] [33]
<./figures/hazard_func_demo.pdf, id=984, 505.89pt x 252.945pt>
File: ./figures/hazard_func_demo.pdf Graphic file (type pdf)
<use ./figures/hazard_func_demo.pdf>
Package pdftex.def Info: ./figures/hazard_func_demo.pdf  used on input line 78.
(pdftex.def)             Requested size: 412.56496pt x 206.28537pt.
 [34 <./figures/hazard_func_demo.pdf>]
<./figures/censoring_example.pdf, id=995, 722.7pt x 433.62pt>
File: ./figures/censoring_example.pdf Graphic file (type pdf)
<use ./figures/censoring_example.pdf>
Package pdftex.def Info: ./figures/censoring_example.pdf  used on input line 89.
(pdftex.def)             Requested size: 412.56496pt x 247.53648pt.
 [35 <./figures/censoring_example.pdf>]
Underfull \vbox (badness 7814) has occurred while \output is active []

 [36]
<./figures/left_truncation_example.pdf, id=1027, 722.7pt x 433.62pt>
File: ./figures/left_truncation_example.pdf Graphic file (type pdf)
<use ./figures/left_truncation_example.pdf>
Package pdftex.def Info: ./figures/left_truncation_example.pdf  used on input line 125.
(pdftex.def)             Requested size: 412.56496pt x 247.53648pt.


LaTeX Warning: `h' float specifier changed to `ht'.

[37] [38 <./figures/left_truncation_example.pdf>]
<./figures/left_truncation_w_right_censoring_example.pdf, id=1056, 722.7pt x 433.62pt>
File: ./figures/left_truncation_w_right_censoring_example.pdf Graphic file (type pdf)
<use ./figures/left_truncation_w_right_censoring_example.pdf>
Package pdftex.def Info: ./figures/left_truncation_w_right_censoring_example.pdf  used on input line 145.
(pdftex.def)             Requested size: 412.56496pt x 247.53648pt.
 [39 <./figures/left_truncation_w_right_censoring_example.pdf>]

Package natbib Warning: Citation `heckman1986' on page 40 undefined on input line 176.


LaTeX Warning: Reference `' on page 40 undefined on input line 176.

[40]

LaTeX Warning: Reference `' on page 41 undefined on input line 183.


Underfull \vbox (badness 1038) has occurred while \output is active []

 [41]

LaTeX Warning: Reference `eq:weibull_likelihood' on page 42 undefined on input line 211.


LaTeX Warning: Reference `eq:bayesian_censoring_model' on page 42 undefined on input line 211.

[42]
<./figures/sim_data_desc.pdf, id=1103, 505.89pt x 505.89pt>
File: ./figures/sim_data_desc.pdf Graphic file (type pdf)
<use ./figures/sim_data_desc.pdf>
Package pdftex.def Info: ./figures/sim_data_desc.pdf  used on input line 215.
(pdftex.def)             Requested size: 412.56496pt x 412.57072pt.
 (./tables/sim_data_head.tex)

LaTeX Warning: Reference `eq:weibull_likelihood' on page 43 undefined on input line 224.

[43] [44 <./figures/sim_data_desc.pdf>] [45]

LaTeX Warning: Reference `' on page 46 undefined on input line 263.

) [46]
\openout2 = `chapters/chapter3.aux'.

 (./chapters/chapter3.tex
Chapter 3.
) [47




] [48



] [49] [50]
Underfull \vbox (badness 10000) has occurred while \output is active []

 [51] [52]
\openout2 = `chapters/chapter4.aux'.

 (./chapters/chapter4.tex
Chapter 4.

Underfull \vbox (badness 2653) has occurred while \output is active []

 [53


] [54]
Underfull \vbox (badness 10000) has occurred while \output is active []

 [55]
Underfull \vbox (badness 1394) has occurred while \output is active []

 [56]
Underfull \vbox (badness 10000) has occurred while \output is active []

 [57] [58]
<./figures/ch-4/SimData.pdf, id=1278, 578.16pt x 433.62pt>
File: ./figures/ch-4/SimData.pdf Graphic file (type pdf)
<use ./figures/ch-4/SimData.pdf>
Package pdftex.def Info: ./figures/ch-4/SimData.pdf  used on input line 71.
(pdftex.def)             Requested size: 391.93544pt x 293.95123pt.
 [59] [60 <./figures/ch-4/SimData.pdf>]
<./figures/ch-4/PPCs.pdf, id=1307, 722.7pt x 289.08pt>
File: ./figures/ch-4/PPCs.pdf Graphic file (type pdf)
<use ./figures/ch-4/PPCs.pdf>
Package pdftex.def Info: ./figures/ch-4/PPCs.pdf  used on input line 84.
(pdftex.def)             Requested size: 495.07668pt x 198.03183pt.

Overfull \hbox (82.51172pt too wide) in paragraph at lines 84--85
 [][] 
 []


Underfull \vbox (badness 10000) has occurred while \output is active []

 [61] [62 <./figures/ch-4/PPCs.pdf>]
Underfull \vbox (badness 10000) has occurred while \output is active []

 [63]
Underfull \vbox (badness 10000) has occurred while \output is active []

 [64]
Underfull \vbox (badness 10000) has occurred while \output is active []

 [65]
<./figures/ch-4/SimData_big_small.pdf, id=1383, 578.16pt x 433.62pt>
File: ./figures/ch-4/SimData_big_small.pdf Graphic file (type pdf)
<use ./figures/ch-4/SimData_big_small.pdf>
Package pdftex.def Info: ./figures/ch-4/SimData_big_small.pdf  used on input line 128.
(pdftex.def)             Requested size: 391.93544pt x 293.95123pt.
 (./tables/ch-4/big_df.tex) (./tables/ch-4/small_df.tex)
Underfull \vbox (badness 10000) has occurred while \output is active []

 [66 <./figures/ch-4/SimData_big_small.pdf>] [67]
Underfull \vbox (badness 2318) has occurred while \output is active []

 [68]
<./figures/ch-4/nuts_energy.pdf, id=1412, 722.7pt x 433.62pt>
File: ./figures/ch-4/nuts_energy.pdf Graphic file (type pdf)
<use ./figures/ch-4/nuts_energy.pdf>
Package pdftex.def Info: ./figures/ch-4/nuts_energy.pdf  used on input line 145.
(pdftex.def)             Requested size: 391.93544pt x 235.16364pt.

Underfull \vbox (badness 10000) has occurred while \output is active []

 [69 <./figures/ch-4/nuts_energy.pdf>]
<./figures/ch-4/marginal-posterior_a.pdf, id=1430, 722.7pt x 433.62pt>
File: ./figures/ch-4/marginal-posterior_a.pdf Graphic file (type pdf)
<use ./figures/ch-4/marginal-posterior_a.pdf>
Package pdftex.def Info: ./figures/ch-4/marginal-posterior_a.pdf  used on input line 159.
(pdftex.def)             Requested size: 391.93544pt x 235.16364pt.
 [70]
<./figures/ch-4/ppd_z_a.pdf, id=1443, 722.7pt x 578.16pt>
File: ./figures/ch-4/ppd_z_a.pdf Graphic file (type pdf)
<use ./figures/ch-4/ppd_z_a.pdf>
Package pdftex.def Info: ./figures/ch-4/ppd_z_a.pdf  used on input line 169.
(pdftex.def)             Requested size: 391.93544pt x 313.55151pt.
 [71 <./figures/ch-4/marginal-posterior_a.pdf>] [72 <./figures/ch-4/ppd_z_a.pdf>]
<./figures/ch-4/Small-data-pairs.pdf, id=1474, 578.16pt x 578.16pt>
File: ./figures/ch-4/Small-data-pairs.pdf Graphic file (type pdf)
<use ./figures/ch-4/Small-data-pairs.pdf>
Package pdftex.def Info: ./figures/ch-4/Small-data-pairs.pdf  used on input line 179.
(pdftex.def)             Requested size: 391.93544pt x 391.93498pt.
<./figures/ch-4/parcoord.pdf, id=1477, 578.16pt x 361.35pt>
File: ./figures/ch-4/parcoord.pdf Graphic file (type pdf)
<use ./figures/ch-4/parcoord.pdf>
Package pdftex.def Info: ./figures/ch-4/parcoord.pdf  used on input line 189.
(pdftex.def)             Requested size: 330.05322pt x 206.28041pt.
<./figures/ch-4/zppd-divergencies.pdf, id=1478, 578.16pt x 505.89pt>
File: ./figures/ch-4/zppd-divergencies.pdf Graphic file (type pdf)
<use ./figures/ch-4/zppd-divergencies.pdf>
Package pdftex.def Info: ./figures/ch-4/zppd-divergencies.pdf  used on input line 196.
(pdftex.def)             Requested size: 330.05322pt x 288.79256pt.
 [73] [74 <./figures/ch-4/Small-data-pairs.pdf>] [75 <./figures/ch-4/parcoord.pdf> <./figures/ch-4/zppd-divergencies.pdf>]
<./figures/ch-4/joint-sig-jump.pdf, id=1523, 578.16pt x 433.62pt>
File: ./figures/ch-4/joint-sig-jump.pdf Graphic file (type pdf)
<use ./figures/ch-4/joint-sig-jump.pdf>
Package pdftex.def Info: ./figures/ch-4/joint-sig-jump.pdf  used on input line 206.
(pdftex.def)             Requested size: 391.93544pt x 293.95123pt.
 [76 <./figures/ch-4/joint-sig-jump.pdf>]
<./figures/ch-4/strong-prior-nuts-energy.pdf, id=1540, 433.62pt x 361.35pt>
File: ./figures/ch-4/strong-prior-nuts-energy.pdf Graphic file (type pdf)
<use ./figures/ch-4/strong-prior-nuts-energy.pdf>
Package pdftex.def Info: ./figures/ch-4/strong-prior-nuts-energy.pdf  used on input line 225.
(pdftex.def)             Requested size: 330.05322pt x 275.05893pt.
<./figures/ch-4/strong-prior-pairs.pdf, id=1544, 433.62pt x 361.35pt>
File: ./figures/ch-4/strong-prior-pairs.pdf Graphic file (type pdf)
<use ./figures/ch-4/strong-prior-pairs.pdf>
Package pdftex.def Info: ./figures/ch-4/strong-prior-pairs.pdf  used on input line 234.
(pdftex.def)             Requested size: 330.05322pt x 275.05893pt.

Underfull \vbox (badness 10000) has occurred while \output is active []

 [77] [78 <./figures/ch-4/strong-prior-nuts-energy.pdf> <./figures/ch-4/strong-prior-pairs.pdf>]
<./figures/ch-4/marginal-post-extra-info.pdf, id=1575, 578.16pt x 433.62pt>
File: ./figures/ch-4/marginal-post-extra-info.pdf Graphic file (type pdf)
<use ./figures/ch-4/marginal-post-extra-info.pdf>
Package pdftex.def Info: ./figures/ch-4/marginal-post-extra-info.pdf  used on input line 254.
(pdftex.def)             Requested size: 330.05322pt x 247.53648pt.
 [79] [80 <./figures/ch-4/marginal-post-extra-info.pdf>]
Underfull \vbox (badness 10000) has occurred while \output is active []

 [81])
Underfull \vbox (badness 10000) has occurred while \output is active []

 [82] [83]
\openout2 = `chapters/chapter5.aux'.

 (./chapters/chapter5.tex [84




]
Chapter 5.

Underfull \vbox (badness 3780) has occurred while \output is active []

 [85]
Underfull \vbox (badness 3375) has occurred while \output is active []

 [86]
<./figures/ch-5/noisy-crack-growth-data.pdf, id=1676, 578.16pt x 433.62pt>
File: ./figures/ch-5/noisy-crack-growth-data.pdf Graphic file (type pdf)
<use ./figures/ch-5/noisy-crack-growth-data.pdf>
Package pdftex.def Info: ./figures/ch-5/noisy-crack-growth-data.pdf  used on input line 13.
(pdftex.def)             Requested size: 391.93544pt x 293.95123pt.

Underfull \vbox (badness 10000) has occurred while \output is active []

 [87 <./figures/ch-5/noisy-crack-growth-data.pdf>] [88]
Underfull \vbox (badness 10000) has occurred while \output is active []

 [89]
Underfull \vbox (badness 10000) has occurred while \output is active []

 [90]
<./figures/ch-5/PPC_multi_unit.pdf, id=1726, 578.16pt x 578.16pt>
File: ./figures/ch-5/PPC_multi_unit.pdf Graphic file (type pdf)
<use ./figures/ch-5/PPC_multi_unit.pdf>
Package pdftex.def Info: ./figures/ch-5/PPC_multi_unit.pdf  used on input line 45.
(pdftex.def)             Requested size: 391.93544pt x 391.93498pt.

Underfull \vbox (badness 10000) has occurred while \output is active []

 [91 <./figures/ch-5/PPC_multi_unit.pdf>]
Underfull \vbox (badness 10000) has occurred while \output is active []

 [92] [93]
Overfull \hbox (1.93282pt too wide) in paragraph at lines 97--97
[]\OT1/cmr/bx/n/17.28 Computation, pos-te-ri-ors, and pre-dic-tive dis-
 []

[94] (./tables/ch-5/n_divergent.tex) [95] (./tables/ch-5/stan_fit_cp_table.tex

LaTeX Font Warning: Command \small invalid in math mode on input line 7.

)
<./figures/ch-5/plot-cp-filtered.pdf, id=1781, 578.16pt x 433.62pt>
File: ./figures/ch-5/plot-cp-filtered.pdf Graphic file (type pdf)
<use ./figures/ch-5/plot-cp-filtered.pdf>
Package pdftex.def Info: ./figures/ch-5/plot-cp-filtered.pdf  used on input line 109.
(pdftex.def)             Requested size: 330.05322pt x 247.53648pt.
 [96 <./figures/ch-5/plot-cp-filtered.pdf>] (./tables/ch-5/stan_fit_pp_mu_table.tex

LaTeX Font Warning: Command \small invalid in math mode on input line 7.

)
<./figures/ch-5/plot-pp-mu-marg-post-1.pdf, id=1802, 433.62pt x 433.62pt>
File: ./figures/ch-5/plot-pp-mu-marg-post-1.pdf Graphic file (type pdf)
<use ./figures/ch-5/plot-pp-mu-marg-post-1.pdf>
Package pdftex.def Info: ./figures/ch-5/plot-pp-mu-marg-post-1.pdf  used on input line 122.
(pdftex.def)             Requested size: 391.93544pt x 391.95483pt.

Underfull \vbox (badness 2884) has occurred while \output is active []

 [97] [98 <./figures/ch-5/plot-pp-mu-marg-post-1.pdf>]
<./figures/ch-5/plot-pp-mu-pairs.pdf, id=1820, 433.62pt x 433.62pt>
File: ./figures/ch-5/plot-pp-mu-pairs.pdf Graphic file (type pdf)
<use ./figures/ch-5/plot-pp-mu-pairs.pdf>
Package pdftex.def Info: ./figures/ch-5/plot-pp-mu-pairs.pdf  used on input line 131.
(pdftex.def)             Requested size: 391.93544pt x 391.95483pt.
<./figures/ch-5/plot-pp-mu-parcoord.pdf, id=1821, 433.62pt x 289.08pt>
File: ./figures/ch-5/plot-pp-mu-parcoord.pdf Graphic file (type pdf)
<use ./figures/ch-5/plot-pp-mu-parcoord.pdf>
Package pdftex.def Info: ./figures/ch-5/plot-pp-mu-parcoord.pdf  used on input line 138.
(pdftex.def)             Requested size: 391.93544pt x 261.3032pt.
<./figures/ch-5/plot-pp-mu-filtered.pdf, id=1823, 578.16pt x 433.62pt>
File: ./figures/ch-5/plot-pp-mu-filtered.pdf Graphic file (type pdf)
<use ./figures/ch-5/plot-pp-mu-filtered.pdf>
Package pdftex.def Info: ./figures/ch-5/plot-pp-mu-filtered.pdf  used on input line 147.
(pdftex.def)             Requested size: 330.05322pt x 247.53648pt.
 (./tables/ch-5/stan_fit_pp_nu_table.tex

LaTeX Font Warning: Command \small invalid in math mode on input line 7.

[99] [100 <./figures/ch-5/plot-pp-mu-pairs.pdf>] [101 <./figures/ch-5/plot-pp-mu-parcoord.pdf> <./figures/ch-5/plot-pp-mu-filtered.pdf>])
<./figures/ch-5/plot-pp-nu-parcoord.pdf, id=1871, 433.62pt x 289.08pt>
File: ./figures/ch-5/plot-pp-nu-parcoord.pdf Graphic file (type pdf)
<use ./figures/ch-5/plot-pp-nu-parcoord.pdf>
Package pdftex.def Info: ./figures/ch-5/plot-pp-nu-parcoord.pdf  used on input line 160.
(pdftex.def)             Requested size: 391.93544pt x 261.3032pt.
 [102] (./tables/ch-5/stan_fit_pp_both_table.tex

LaTeX Font Warning: Command \small invalid in math mode on input line 7.

) [103 <./figures/ch-5/plot-pp-nu-parcoord.pdf>]
<./figures/ch-5/post_pc.pdf, id=1899, 722.7pt x 722.7pt>
File: ./figures/ch-5/post_pc.pdf Graphic file (type pdf)
<use ./figures/ch-5/post_pc.pdf>
Package pdftex.def Info: ./figures/ch-5/post_pc.pdf  used on input line 173.
(pdftex.def)             Requested size: 391.93544pt x 391.93939pt.

Underfull \vbox (badness 10000) has occurred while \output is active []

 [104] [105 <./figures/ch-5/post_pc.pdf>] (./tables/ch-5/cv_elppd_table.tex

LaTeX Warning: Reference `subsec:fitunitsmean' on page 106 undefined on input line 3.


LaTeX Warning: Reference `subsec:fitunitsmean' on page 106 undefined on input line 3.

) [106] [107]
Underfull \vbox (badness 10000) has occurred while \output is active []

 [108] [109]
Underfull \hbox (badness 10000) in paragraph at lines 228--229
[]\OT1/cmr/m/n/12 Given that $\OML/cmm/m/it/12 Z[]\OMS/cmsy/m/n/12 j\OML/cmm/m/it/12 ^^V; ^^W \OMS/cmsy/m/n/12 ^^X
 []

<./figures/ch-5/FT_dist.pdf, id=1957, 578.16pt x 289.08pt>
File: ./figures/ch-5/FT_dist.pdf Graphic file (type pdf)
<use ./figures/ch-5/FT_dist.pdf>
Package pdftex.def Info: ./figures/ch-5/FT_dist.pdf  used on input line 250.
(pdftex.def)             Requested size: 391.93544pt x 195.96748pt.

LaTeX Warning: `h' float specifier changed to `ht'.

[110]
<./figures/ch-5/FT_dist_Unit3.pdf, id=1978, 578.16pt x 289.08pt>
File: ./figures/ch-5/FT_dist_Unit3.pdf Graphic file (type pdf)
<use ./figures/ch-5/FT_dist_Unit3.pdf>
Package pdftex.def Info: ./figures/ch-5/FT_dist_Unit3.pdf  used on input line 259.
(pdftex.def)             Requested size: 391.93544pt x 195.96748pt.


LaTeX Warning: `h' float specifier changed to `ht'.

[111 <./figures/ch-5/FT_dist.pdf>] [112 <./figures/ch-5/FT_dist_Unit3.pdf>]
Underfull \vbox (badness 10000) has occurred while \output is active []

 [113]) [114]
\openout2 = `chapters/chapter6.aux'.

 (./chapters/chapter6.tex
Chapter 6.

Underfull \vbox (badness 5203) has occurred while \output is active []

 [115




]
<figures/ch-6/main_belt.pdf, id=2025, 722.7pt x 578.16pt>
File: figures/ch-6/main_belt.pdf Graphic file (type pdf)
<use figures/ch-6/main_belt.pdf>
Package pdftex.def Info: figures/ch-6/main_belt.pdf  used on input line 9.
(pdftex.def)             Requested size: 412.56496pt x 330.04865pt.

Underfull \vbox (badness 10000) has occurred while \output is active []

 [116] [117 <./figures/ch-6/main_belt.pdf>]
<figures/ch-6/current_approach.pdf, id=2050, 578.16pt x 578.16pt>
File: figures/ch-6/current_approach.pdf Graphic file (type pdf)
<use figures/ch-6/current_approach.pdf>
Package pdftex.def Info: figures/ch-6/current_approach.pdf  used on input line 18.
(pdftex.def)             Requested size: 288.7942pt x 288.78816pt.

Underfull \vbox (badness 2020) has occurred while \output is active []

 [118 <./figures/ch-6/current_approach.pdf>] [119]
Underfull \vbox (badness 10000) has occurred while \output is active []

 [120]
<figures/ch-6/b-spline-fitting.pdf, id=2101, 722.7pt x 469.755pt>
File: figures/ch-6/b-spline-fitting.pdf Graphic file (type pdf)
<use figures/ch-6/b-spline-fitting.pdf>
Package pdftex.def Info: figures/ch-6/b-spline-fitting.pdf  used on input line 50.
(pdftex.def)             Requested size: 371.30594pt x 241.34952pt.


LaTeX Warning: `h' float specifier changed to `ht'.

[121]
Underfull \vbox (badness 10000) has occurred while \output is active []

 [122 <./figures/ch-6/b-spline-fitting.pdf>]
Underfull \vbox (badness 4621) has occurred while \output is active []

 [123] [124]
Underfull \vbox (badness 10000) has occurred while \output is active []

 [125]
<figures/ch-6/historic_belts.pdf, id=2157, 578.16pt x 216.81pt>
File: figures/ch-6/historic_belts.pdf Graphic file (type pdf)
<use figures/ch-6/historic_belts.pdf>
Package pdftex.def Info: figures/ch-6/historic_belts.pdf  used on input line 101.
(pdftex.def)             Requested size: 412.56496pt x 154.7103pt.
<figures/ch-6/informative-prior-mu.pdf, id=2160, 867.24pt x 216.81pt>
File: figures/ch-6/informative-prior-mu.pdf Graphic file (type pdf)
<use figures/ch-6/informative-prior-mu.pdf>
Package pdftex.def Info: figures/ch-6/informative-prior-mu.pdf  used on input line 110.
(pdftex.def)             Requested size: 412.56496pt x 103.1413pt.

Underfull \vbox (badness 1147) has occurred while \output is active []

 [126 <./figures/ch-6/historic_belts.pdf>]
<figures/ch-6/prior-pc.pdf, id=2179, 578.16pt x 578.16pt>
File: figures/ch-6/prior-pc.pdf Graphic file (type pdf)
<use figures/ch-6/prior-pc.pdf>
Package pdftex.def Info: figures/ch-6/prior-pc.pdf  used on input line 121.
(pdftex.def)             Requested size: 412.56496pt x 412.56082pt.
 [127 <./figures/ch-6/informative-prior-mu.pdf>] [128 <./figures/ch-6/prior-pc.pdf>] [129]
<figures/ch-6/marginal_post_gp.pdf, id=2217, 578.16pt x 361.35pt>
File: figures/ch-6/marginal_post_gp.pdf Graphic file (type pdf)
<use figures/ch-6/marginal_post_gp.pdf>
Package pdftex.def Info: figures/ch-6/marginal_post_gp.pdf  used on input line 139.
(pdftex.def)             Requested size: 330.05322pt x 206.28041pt.

Underfull \vbox (badness 1014) has occurred while \output is active []

 [130 <./figures/ch-6/marginal_post_gp.pdf>]
<figures/ch-6/marginal_post_lm.pdf, id=2236, 578.16pt x 361.35pt>
File: figures/ch-6/marginal_post_lm.pdf Graphic file (type pdf)
<use figures/ch-6/marginal_post_lm.pdf>
Package pdftex.def Info: figures/ch-6/marginal_post_lm.pdf  used on input line 150.
(pdftex.def)             Requested size: 330.05322pt x 206.28041pt.

Underfull \vbox (badness 10000) has occurred while \output is active []

 [131]
Underfull \vbox (badness 10000) has occurred while \output is active []

 [132 <./figures/ch-6/marginal_post_lm.pdf>]
<figures/ch-6/post_y_belt_wear.pdf, id=2267, 578.16pt x 433.62pt>
File: figures/ch-6/post_y_belt_wear.pdf Graphic file (type pdf)
<use figures/ch-6/post_y_belt_wear.pdf>
Package pdftex.def Info: figures/ch-6/post_y_belt_wear.pdf  used on input line 164.
(pdftex.def)             Requested size: 371.30594pt x 278.47525pt.

Underfull \vbox (badness 10000) has occurred while \output is active []

 [133]
Underfull \vbox (badness 10000) has occurred while \output is active []

 [134 <./figures/ch-6/post_y_belt_wear.pdf>]
<figures/ch-6/post_pred_belt_wear.pdf, id=2297, 578.16pt x 650.43pt>
File: figures/ch-6/post_pred_belt_wear.pdf Graphic file (type pdf)
<use figures/ch-6/post_pred_belt_wear.pdf>
Package pdftex.def Info: figures/ch-6/post_pred_belt_wear.pdf  used on input line 189.
(pdftex.def)             Requested size: 412.56496pt x 464.13092pt.

Underfull \vbox (badness 1502) has occurred while \output is active []

 [135] [136 <./figures/ch-6/post_pred_belt_wear.pdf>]
<figures/ch-6/belt_wear_forecasts.pdf, id=2318, 578.16pt x 289.08pt>
File: figures/ch-6/belt_wear_forecasts.pdf Graphic file (type pdf)
<use figures/ch-6/belt_wear_forecasts.pdf>
Package pdftex.def Info: figures/ch-6/belt_wear_forecasts.pdf  used on input line 200.
(pdftex.def)             Requested size: 412.56496pt x 206.2804pt.
 [137 <./figures/ch-6/belt_wear_forecasts.pdf>] [138] (./tables/ch-6/stan_fit_cp_table.tex)
Underfull \vbox (badness 10000) has occurred while \output is active []

 [139]
Underfull \vbox (badness 10000) has occurred while \output is active []

 [140]
<figures/ch-6/test.png, id=2366, 1084.05pt x 1300.86pt>
File: figures/ch-6/test.png Graphic file (type png)
<use figures/ch-6/test.png>
Package pdftex.def Info: figures/ch-6/test.png  used on input line 239.
(pdftex.def)             Requested size: 412.56496pt x 495.06638pt.

Underfull \vbox (badness 10000) has occurred while \output is active []

 [141] [142 <./figures/ch-6/test.png>] [143]
Package hyperref Info: bookmark level for unknown algorithm defaults to 0 on input line 251.
 [144]
<figures/ch-6/belt_wear_failuretime_CDF_gp.pdf, id=2411, 578.16pt x 289.08pt>
File: figures/ch-6/belt_wear_failuretime_CDF_gp.pdf Graphic file (type pdf)
<use figures/ch-6/belt_wear_failuretime_CDF_gp.pdf>
Package pdftex.def Info: figures/ch-6/belt_wear_failuretime_CDF_gp.pdf  used on input line 279.
(pdftex.def)             Requested size: 412.56496pt x 206.2804pt.

Underfull \vbox (badness 1661) has occurred while \output is active []

 [145 <./figures/ch-6/belt_wear_failuretime_CDF_gp.pdf>]
<figures/ch-6/belt_wear_failuretime_CDF_lm.pdf, id=2422, 578.16pt x 289.08pt>
File: figures/ch-6/belt_wear_failuretime_CDF_lm.pdf Graphic file (type pdf)
<use figures/ch-6/belt_wear_failuretime_CDF_lm.pdf>
Package pdftex.def Info: figures/ch-6/belt_wear_failuretime_CDF_lm.pdf  used on input line 288.
(pdftex.def)             Requested size: 412.56496pt x 206.2804pt.
 [146 <./figures/ch-6/belt_wear_failuretime_CDF_lm.pdf>]
Underfull \vbox (badness 10000) has occurred while \output is active []

 [147]
Underfull \vbox (badness 10000) has occurred while \output is active []

 [148]) [149]
\openout2 = `chapters/chapter7.aux'.

 (./chapters/chapter7.tex [150




]
Chapter 7.
) [151] [152



] [153


] [154]
\openout2 = `chapters/appendixA.aux'.

 (./chapters/appendixA.tex
Appendix A.
) [155


]
\openout2 = `chapters/copyright.aux'.

 (./chapters/copyright.tex [156




]
Appendix B.
) [157] [158



] (./thesis.bbl
Underfull \hbox (badness 10000) in paragraph at lines 159--173
\OT1/cmtt/m/n/12 betanalpha [] .github [] .io / assets / case [] []studies / identifiability [] .html$[][]
 []


Underfull \vbox (badness 10000) has occurred while \output is active []

 [159

]
Underfull \hbox (badness 6792) in paragraph at lines 303--315
[]\OT1/cmr/m/n/12 Creagh, B.  (2020).  \OT1/cmr/m/it/12 Bridge-stone: A part-ner in prod-ucts, ser-
 []


Underfull \hbox (badness 10000) in paragraph at lines 303--315
\OT1/cmr/m/it/12 vice and tech-nol-ogy.  \OT1/cmr/m/n/12 https://www.australianmining.com.au/wp-
 []


Underfull \vbox (badness 10000) has occurred while \output is active []

 [160]
Underfull \vbox (badness 10000) has occurred while \output is active []

 [161]
Underfull \vbox (badness 10000) has occurred while \output is active []

 [162]
Underfull \hbox (badness 1430) in paragraph at lines 1274--1290
[]\OT1/cmr/m/n/12 Kowal, D. R.  (2017).  \OT1/cmr/m/it/12 Bayesian meth-ods for func-tional and time se-
 []


Underfull \hbox (badness 4765) in paragraph at lines 1274--1290
\OT1/cmr/m/it/12 ries data \OT1/cmr/m/n/12 (Doc-toral dis-ser-ta-tion, Cor-nell Uni-ver-sity).  Re-trieved
 []


Underfull \hbox (badness 10000) in paragraph at lines 1274--1290
\OT1/cmr/m/n/12 from [][]$\OT1/cmtt/m/n/12 https :// higherlogicdownload [] .s3 [] .amazonaws [] .com / AMSTAT /
 []


Underfull \vbox (badness 10000) has occurred while \output is active []

 [163]
Underfull \vbox (badness 10000) has occurred while \output is active []

 [164]
Underfull \vbox (badness 10000) has occurred while \output is active []

 [165]
Underfull \vbox (badness 10000) has occurred while \output is active []

 [166]
Underfull \vbox (badness 10000) has occurred while \output is active []

 [167])

Package natbib Warning: There were undefined citations.

[168] (./thesis.aux (./chapters/acknowledgements.aux) (./chapters/abstract.aux) (./chapters/chapter1.aux) (./chapters/chapter2.aux) (./chapters/chapter3.aux) (./chapters/chapter4.aux) (./chapters/chapter5.aux) (./chapters/chapter6.aux) (./chapters/chapter7.aux) (./chapters/appendixA.aux) (./chapters/copyright.aux))

LaTeX Warning: There were undefined references.

Package rerunfilecheck Info: File `thesis.out' has not changed.
(rerunfilecheck)             Checksum: 3B0AE07AF3993524B19A08EF66C27BA2;9055.
 ) 
Here is how much of TeX's memory you used:
 18259 strings out of 477678
 302528 string characters out of 5833467
 616779 words of memory out of 5000000
 36131 multiletter control sequences out of 15000+600000
 480538 words of font info for 71 fonts, out of 8000000 for 9000
 1141 hyphenation exceptions out of 8191
 87i,14n,91p,2638b,737s stack positions out of 10000i,1000n,20000p,200000b,200000s
{c:/texlive/2022/texmf-dist/fonts/enc/dvips/cm-super/cm-super-ts1.enc}<c:/texlive/2022/texmf-dist/fonts/type1/public/amsfonts/cm/cmbx10.pfb><c:/texlive/2022/texmf-dist/fonts/type1/public/amsfonts/cm/cmbx12.pfb><c:/texlive/2022/texmf-dist/fonts/type1/public/amsfonts/cm/cmex10.pfb><c:/texlive/2022/texmf-dist/fonts/type1/public/amsfonts/cm/cmmi12.pfb><c:/texlive/2022/texmf-dist/fonts/type1/public/amsfonts/cm/cmmi6.pfb><c:/texlive/2022/texmf-dist/fonts/type1/public/amsfonts/cm/cmmi8.pfb><c:/texlive/2022/texmf-dist/fonts/type1/public/amsfonts/cm/cmr10.pfb><c:/texlive/2022/texmf-dist/fonts/type1/public/amsfonts/cm/cmr12.pfb><c:/texlive/2022/texmf-dist/fonts/type1/public/amsfonts/cm/cmr6.pfb><c:/texlive/2022/texmf-dist/fonts/type1/public/amsfonts/cm/cmr7.pfb><c:/texlive/2022/texmf-dist/fonts/type1/public/amsfonts/cm/cmr8.pfb><c:/texlive/2022/texmf-dist/fonts/type1/public/amsfonts/cm/cmsy10.pfb><c:/texlive/2022/texmf-dist/fonts/type1/public/amsfonts/cm/cmsy8.pfb><c:/texlive/2022/texmf-dist/fonts/type1/public/amsfonts/cm/cmti12.pfb><c:/texlive/2022/texmf-dist/fonts/type1/public/amsfonts/cm/cmti8.pfb><c:/texlive/2022/texmf-dist/fonts/type1/public/amsfonts/cm/cmtt12.pfb><c:/texlive/2022/texmf-dist/fonts/type1/public/cm-super/sfrm1200.pfb>
Output written on thesis.pdf (190 pages, 70681317 bytes).
PDF statistics:
 2780 PDF objects out of 2984 (max. 8388607)
 2421 compressed objects within 25 object streams
 500 named destinations out of 1000 (max. 500000)
 647 words of extra memory for PDF output out of 10000 (max. 10000000)

