\BOOKMARK [0][-]{chapter*.3}{\376\377\000A\000c\000k\000n\000o\000w\000l\000e\000d\000g\000e\000m\000e\000n\000t\000s}{}% 1
\BOOKMARK [0][-]{chapter*.4}{\376\377\000A\000b\000s\000t\000r\000a\000c\000t}{}% 2
\BOOKMARK [0][-]{chapter.1}{\376\377\000I\000n\000t\000r\000o\000d\000u\000c\000t\000i\000o\000n}{}% 3
\BOOKMARK [1][-]{section.1.1}{\376\377\000M\000a\000i\000n\000t\000e\000n\000a\000n\000c\000e\000\040\000d\000e\000c\000i\000s\000i\000o\000n\000\040\000m\000a\000k\000i\000n\000g}{chapter.1}% 4
\BOOKMARK [1][-]{section.1.2}{\376\377\000R\000e\000l\000i\000a\000b\000i\000l\000i\000t\000y\000\040\000m\000o\000d\000e\000l\000l\000i\000n\000g}{chapter.1}% 5
\BOOKMARK [1][-]{section.1.3}{\376\377\000I\000n\000d\000u\000s\000t\000r\000y\000\040\000E\000x\000a\000m\000p\000l\000e\000s}{chapter.1}% 6
\BOOKMARK [1][-]{section.1.4}{\376\377\000B\000a\000y\000e\000s\000i\000a\000n\000\040\000r\000e\000l\000i\000a\000b\000i\000l\000i\000t\000y\000\040\000m\000o\000d\000e\000l\000l\000i\000n\000g}{chapter.1}% 7
\BOOKMARK [1][-]{section.1.5}{\376\377\000S\000t\000r\000u\000c\000t\000u\000r\000e\000\040\000o\000f\000\040\000t\000h\000i\000s\000\040\000t\000h\000e\000s\000i\000s}{chapter.1}% 8
\BOOKMARK [-1][-]{part.1}{\376\377\000I\000\040\000P\000a\000r\000t\000\040\000o\000n\000e\000:\000\040\000l\000i\000f\000e\000t\000i\000m\000e\000\040\000a\000n\000a\000l\000y\000s\000i\000s}{}% 9
\BOOKMARK [0][-]{chapter.2}{\376\377\000W\000e\000i\000b\000u\000l\000l\000\040\000a\000n\000a\000l\000y\000s\000i\000s\000\040\000o\000f\000\040\000p\000a\000r\000t\000i\000a\000l\000l\000y\000\040\000o\000b\000s\000e\000r\000v\000e\000d\000\040\000l\000i\000f\000e\000t\000i\000m\000e\000\040\000d\000a\000t\000a}{part.1}% 10
\BOOKMARK [1][-]{section.2.1}{\376\377\000B\000a\000c\000k\000g\000r\000o\000u\000n\000d}{chapter.2}% 11
\BOOKMARK [2][-]{subsection.2.1.1}{\376\377\000L\000i\000f\000e\000t\000i\000m\000e\000\040\000d\000i\000s\000t\000r\000i\000b\000u\000t\000i\000o\000n}{section.2.1}% 12
\BOOKMARK [2][-]{subsection.2.1.2}{\376\377\000T\000h\000e\000\040\000W\000e\000i\000b\000u\000l\000l\000\040\000d\000i\000s\000t\000r\000i\000b\000u\000t\000i\000o\000n}{section.2.1}% 13
\BOOKMARK [2][-]{subsection.2.1.3}{\376\377\000C\000e\000n\000s\000o\000r\000i\000n\000g}{section.2.1}% 14
\BOOKMARK [2][-]{subsection.2.1.4}{\376\377\000L\000e\000f\000t\000-\000t\000r\000u\000n\000c\000a\000t\000i\000o\000n}{section.2.1}% 15
\BOOKMARK [2][-]{subsection.2.1.5}{\376\377\000L\000e\000f\000t\000-\000t\000r\000u\000n\000c\000a\000t\000i\000o\000n\000\040\000a\000n\000d\000\040\000r\000i\000g\000h\000t\000-\000c\000e\000n\000s\000o\000r\000i\000n\000g}{section.2.1}% 16
\BOOKMARK [3][-]{section*.26}{\376\377\000U\000n\000k\000n\000o\000w\000n\000\040\000e\000x\000p\000o\000s\000u\000r\000e\000\040\000h\000i\000s\000t\000o\000r\000y}{subsection.2.1.5}% 17
\BOOKMARK [1][-]{section.2.2}{\376\377\000I\000m\000p\000u\000t\000i\000n\000g\000\040\000u\000n\000k\000n\000o\000w\000n\000\040\000e\000x\000p\000o\000s\000u\000r\000e\000\040\000h\000i\000s\000t\000o\000r\000i\000e\000s}{chapter.2}% 18
\BOOKMARK [1][-]{section.2.3}{\376\377\000I\000n\000f\000o\000r\000m\000a\000t\000i\000v\000e\000\040\000j\000o\000i\000n\000t\000\040\000p\000r\000i\000o\000r}{chapter.2}% 19
\BOOKMARK [1][-]{section.2.4}{\376\377\000A\000n\000a\000l\000y\000s\000i\000s\000\040\000o\000f\000\040\000s\000i\000m\000u\000l\000a\000t\000e\000d\000\040\000d\000a\000t\000a}{chapter.2}% 20
\BOOKMARK [2][-]{subsection.2.4.1}{\376\377\000S\000i\000m\000u\000l\000a\000t\000i\000o\000n\000\040\000m\000e\000t\000h\000o\000d}{section.2.4}% 21
\BOOKMARK [2][-]{subsection.2.4.2}{\376\377\000W\000e\000a\000k\000l\000y\000\040\000i\000n\000f\000o\000r\000m\000a\000t\000i\000v\000e\000\040\000p\000r\000i\000o\000r}{section.2.4}% 22
\BOOKMARK [2][-]{subsection.2.4.3}{\376\377\000S\000t\000r\000o\000n\000g\000l\000y\000\040\000i\000n\000f\000o\000r\000m\000a\000t\000i\000v\000e\000\040\000p\000r\000i\000o\000r}{section.2.4}% 23
\BOOKMARK [1][-]{section.2.5}{\376\377\000S\000i\000m\000u\000l\000a\000t\000i\000o\000n\000\040\000e\000x\000p\000e\000r\000i\000m\000e\000n\000t\000s}{chapter.2}% 24
\BOOKMARK [2][-]{subsection.2.5.1}{\376\377\000F\000a\000c\000t\000o\000r\000\040\000l\000e\000v\000e\000l\000s}{section.2.5}% 25
\BOOKMARK [2][-]{subsection.2.5.2}{\376\377\000A\000c\000c\000u\000r\000a\000c\000y\000\040\000m\000e\000a\000s\000u\000r\000e\000s}{section.2.5}% 26
\BOOKMARK [2][-]{subsection.2.5.3}{\376\377\000R\000e\000s\000u\000l\000t\000s}{section.2.5}% 27
\BOOKMARK [1][-]{section.2.6}{\376\377\000C\000o\000n\000c\000l\000u\000d\000i\000n\000g\000\040\000r\000e\000m\000a\000r\000k\000s}{chapter.2}% 28
\BOOKMARK [0][-]{chapter.3}{\376\377\000I\000d\000l\000e\000r\000-\000f\000r\000a\000m\000e\000\040\000c\000a\000s\000e\000\040\000s\000t\000u\000d\000y}{part.1}% 29
\BOOKMARK [1][-]{section.3.1}{\376\377\000I\000d\000l\000e\000r\000-\000f\000r\000a\000m\000e\000\040\000l\000i\000f\000e\000t\000i\000m\000e\000\040\000d\000a\000t\000a}{chapter.3}% 30
\BOOKMARK [1][-]{section.3.2}{\376\377\000A\000n\000\040\000i\000n\000f\000o\000r\000m\000a\000t\000i\000v\000e\000\040\000p\000r\000i\000o\000r}{chapter.3}% 31
\BOOKMARK [1][-]{section.3.3}{\376\377\000P\000o\000s\000t\000e\000r\000i\000o\000r\000\040\000d\000r\000a\000w\000s}{chapter.3}% 32
\BOOKMARK [1][-]{section.3.4}{\376\377\000U\000s\000i\000n\000g\000\040\000t\000h\000e\000\040\000p\000o\000s\000t\000e\000r\000i\000o\000r}{chapter.3}% 33
\BOOKMARK [2][-]{subsection.3.4.1}{\376\377\000F\000a\000i\000l\000u\000r\000e\000\040\000t\000i\000m\000e\000\040\000o\000f\000\040\000u\000n\000i\000t\000s\000\040\000i\000n\000\040\000o\000p\000e\000r\000a\000t\000i\000o\000n}{section.3.4}% 34
\BOOKMARK [2][-]{subsection.3.4.2}{\376\377\000E\000x\000p\000e\000c\000t\000e\000d\000\040\000n\000u\000m\000b\000e\000r\000\040\000o\000f\000\040\000f\000a\000i\000l\000u\000r\000e\000s}{section.3.4}% 35
\BOOKMARK [2][-]{subsection.3.4.3}{\376\377\000C\000o\000s\000t\000\040\000f\000u\000n\000c\000t\000i\000o\000n\000s\000\040\000a\000n\000d\000\040\000p\000r\000e\000v\000e\000n\000t\000a\000t\000i\000v\000e\000\040\000p\000o\000l\000i\000c\000y\000\040\000d\000e\000s\000i\000g\000n}{section.3.4}% 36
\BOOKMARK [1][-]{section.3.5}{\376\377\000D\000i\000s\000c\000u\000s\000s\000i\000o\000n\000\040\000a\000n\000d\000\040\000c\000o\000n\000c\000l\000u\000s\000i\000o\000n\000s}{chapter.3}% 37
\BOOKMARK [-1][-]{part.2}{\376\377\000I\000I\000\040\000P\000a\000r\000t\000\040\000t\000w\000o\000:\000\040\000D\000e\000g\000r\000a\000d\000a\000t\000i\000o\000n\000\040\000m\000o\000d\000e\000l\000l\000i\000n\000g}{}% 38
\BOOKMARK [0][-]{chapter.4}{\376\377\000A\000\040\000n\000o\000i\000s\000y\000\040\000g\000a\000m\000m\000a\000\040\000p\000r\000o\000c\000e\000s\000s\000\040\000f\000o\000r\000\040\000m\000o\000d\000e\000l\000l\000i\000n\000g\000\040\000d\000e\000g\000r\000a\000d\000a\000t\000i\000o\000n\000\040\000m\000e\000a\000s\000u\000r\000e\000m\000e\000n\000t\000s\000\040\000w\000i\000t\000h\000\040\000u\000n\000c\000e\000r\000t\000a\000i\000n\000t\000y}{part.2}% 39
\BOOKMARK [1][-]{section.4.1}{\376\377\000T\000h\000e\000\040\000g\000a\000m\000m\000a\000\040\000p\000r\000o\000c\000e\000s\000s}{chapter.4}% 40
\BOOKMARK [1][-]{section.4.2}{\376\377\000A\000\040\000n\000o\000i\000s\000y\000\040\000g\000a\000m\000m\000a\000\040\000p\000r\000o\000c\000e\000s\000s}{chapter.4}% 41
\BOOKMARK [1][-]{section.4.3}{\376\377\000R\000e\000p\000a\000r\000a\000m\000e\000t\000r\000i\000s\000a\000t\000i\000o\000n}{chapter.4}% 42
\BOOKMARK [1][-]{section.4.4}{\376\377\000C\000o\000n\000s\000t\000r\000u\000c\000t\000i\000n\000g\000\040\000t\000h\000e\000\040\000p\000r\000i\000o\000r}{chapter.4}% 43
\BOOKMARK [1][-]{section.4.5}{\376\377\000F\000i\000t\000t\000i\000n\000g\000\040\000t\000h\000e\000\040\000n\000o\000i\000s\000y\000\040\000g\000a\000m\000m\000a\000\040\000p\000r\000o\000c\000e\000s\000s}{chapter.4}% 44
\BOOKMARK [2][-]{subsection.4.5.1}{\376\377\000D\000a\000t\000a\000\040\000s\000i\000m\000u\000l\000a\000t\000i\000o\000n}{section.4.5}% 45
\BOOKMARK [2][-]{subsection.4.5.2}{\376\377\000C\000o\000m\000p\000u\000t\000a\000t\000i\000o\000n}{section.4.5}% 46
\BOOKMARK [2][-]{subsection.4.5.3}{\376\377\000R\000e\000s\000u\000l\000t\000s\000\040\000a\000n\000d\000\040\000d\000i\000a\000g\000n\000o\000s\000t\000i\000c\000s}{section.4.5}% 47
\BOOKMARK [2][-]{subsection.4.5.4}{\376\377\000S\000o\000l\000u\000t\000i\000o\000n\000s\000\040\000t\000o\000\040\000c\000o\000m\000p\000u\000t\000a\000t\000i\000o\000n\000a\000l\000\040\000i\000s\000s\000u\000e\000s}{section.4.5}% 48
\BOOKMARK [1][-]{section.4.6}{\376\377\000D\000i\000s\000c\000u\000s\000s\000i\000o\000n}{chapter.4}% 49
\BOOKMARK [0][-]{chapter.5}{\376\377\000N\000o\000i\000s\000y\000\040\000g\000a\000m\000m\000a\000\040\000p\000r\000o\000c\000e\000s\000s\000\040\000w\000i\000t\000h\000\040\000u\000n\000i\000t\000-\000t\000o\000-\000u\000n\000i\000t\000\040\000v\000a\000r\000i\000a\000b\000i\000l\000i\000t\000y}{part.2}% 50
\BOOKMARK [1][-]{section.5.1}{\376\377\000M\000o\000d\000e\000l\000s\000\040\000f\000o\000r\000\040\000m\000u\000l\000t\000i\000p\000l\000e\000\040\000u\000n\000i\000t\000s}{chapter.5}% 51
\BOOKMARK [2][-]{subsection.5.1.1}{\376\377\000T\000h\000e\000\040\000c\000o\000m\000p\000l\000e\000t\000e\000\040\000p\000o\000o\000l\000i\000n\000g\000\040\000m\000o\000d\000e\000l}{section.5.1}% 52
\BOOKMARK [2][-]{subsection.5.1.2}{\376\377\000P\000a\000r\000t\000i\000a\000l\000\040\000p\000o\000o\000l\000i\000n\000g\000\040\000m\000o\000d\000e\000l\000s}{section.5.1}% 53
\BOOKMARK [3][-]{section*.71}{\376\377\000v\000a\000r\000y\000i\000n\000g\000\040\000\040\000m\000o\000d\000e\000l}{subsection.5.1.2}% 54
\BOOKMARK [4][-]{section*.72}{\376\377\000v\000a\000r\000y\000i\000n\000g\000\040\000\040\000m\000o\000d\000e\000l}{section*.71}% 55
\BOOKMARK [4][-]{section*.73}{\376\377\000v\000a\000r\000y\000i\000n\000g\000\040\000\040\000a\000n\000d\000\040\000\040\000m\000o\000d\000e\000l}{section*.71}% 56
\BOOKMARK [1][-]{section.5.2}{\376\377\000C\000o\000m\000p\000u\000t\000a\000t\000i\000o\000n\000,\000\040\000p\000o\000s\000t\000e\000r\000i\000o\000r\000s\000,\000\040\000a\000n\000d\000\040\000p\000r\000e\000d\000i\000c\000t\000i\000v\000e\000\040\000d\000i\000s\000t\000r\000i\000b\000u\000t\000i\000o\000n\000s}{chapter.5}% 57
\BOOKMARK [2][-]{section*.75}{\376\377\000C\000o\000m\000p\000l\000e\000t\000e\000\040\000p\000o\000o\000l\000i\000n\000g}{section.5.2}% 58
\BOOKMARK [3][-]{section*.78}{\376\377\000V\000a\000r\000y\000i\000n\000g\000\040}{section*.75}% 59
\BOOKMARK [4][-]{section*.84}{\376\377\000V\000a\000r\000y\000i\000n\000g\000\040}{section*.78}% 60
\BOOKMARK [4][-]{section*.87}{\376\377\000v\000a\000r\000y\000i\000n\000g\000\040\000\040\000a\000n\000d\000\040}{section*.78}% 61
\BOOKMARK [4][-]{section*.89}{\376\377\000P\000o\000s\000t\000e\000r\000i\000o\000r\000\040\000p\000r\000e\000d\000i\000c\000t\000i\000v\000e\000\040\000c\000h\000e\000c\000k\000s}{section*.78}% 62
\BOOKMARK [2][-]{subsection.5.2.1}{\376\377\000M\000o\000d\000e\000l\000\040\000c\000o\000m\000p\000a\000r\000i\000s\000o\000n}{section.5.2}% 63
\BOOKMARK [3][-]{section*.92}{\376\377\000L\000e\000a\000v\000e\000-\000o\000n\000e\000-\000u\000n\000i\000t\000-\000o\000u\000t\000\040\000c\000r\000o\000s\000s\000-\000v\000a\000l\000i\000d\000a\000t\000i\000o\000n}{subsection.5.2.1}% 64
\BOOKMARK [4][-]{section*.93}{\376\377\000S\000t\000e\000p\000-\000a\000h\000e\000a\000d\000\040\000c\000r\000o\000s\000s\000-\000v\000a\000l\000i\000d\000a\000t\000i\000o\000n}{section*.92}% 65
\BOOKMARK [1][-]{section.5.3}{\376\377\000F\000a\000i\000l\000u\000r\000e\000\040\000t\000i\000m\000e\000\040\000d\000i\000s\000t\000r\000i\000b\000u\000t\000i\000o\000n\000s}{chapter.5}% 66
\BOOKMARK [1][-]{section.5.4}{\376\377\000D\000i\000s\000c\000u\000s\000s\000i\000o\000n\000s}{chapter.5}% 67
\BOOKMARK [0][-]{chapter.6}{\376\377\000C\000o\000n\000v\000e\000y\000o\000r\000\040\000b\000e\000l\000t\000\040\000w\000e\000a\000r\000\040\000f\000o\000r\000e\000c\000a\000s\000t\000i\000n\000g}{part.2}% 68
\BOOKMARK [1][-]{section.6.1}{\376\377\000F\000u\000n\000c\000t\000i\000o\000n\000a\000l\000\040\000d\000a\000t\000a\000\040\000a\000n\000a\000l\000y\000s\000i\000s\000\040\000\050\000t\000h\000e\000\040\000d\000a\000t\000a\000\040\000m\000o\000d\000e\000l\000\051}{chapter.6}% 69
\BOOKMARK [2][-]{section*.99}{\376\377\000B\000-\000s\000p\000l\000i\000n\000e\000s}{section.6.1}% 70
\BOOKMARK [3][-]{section*.101}{\376\377\000F\000u\000n\000c\000t\000i\000o\000n\000a\000l\000\040\000t\000i\000m\000e\000\040\000s\000e\000r\000i\000e\000s}{section*.99}% 71
\BOOKMARK [1][-]{section.6.2}{\376\377\000P\000r\000o\000c\000e\000s\000s\000\040\000m\000o\000d\000e\000l\000s}{chapter.6}% 72
\BOOKMARK [2][-]{subsection.6.2.1}{\376\377\000N\000o\000i\000s\000y\000\040\000g\000a\000m\000m\000a\000\040\000p\000r\000o\000c\000e\000s\000s}{section.6.2}% 73
\BOOKMARK [2][-]{subsection.6.2.2}{\376\377\000L\000i\000n\000e\000a\000r\000\040\000m\000o\000d\000e\000l}{section.6.2}% 74
\BOOKMARK [1][-]{section.6.3}{\376\377\000P\000a\000r\000a\000m\000e\000t\000e\000r\000\040\000m\000o\000d\000e\000l}{chapter.6}% 75
\BOOKMARK [1][-]{section.6.4}{\376\377\000P\000o\000s\000t\000e\000r\000i\000o\000r\000\040\000s\000a\000m\000p\000l\000i\000n\000g\000\040\000a\000n\000d\000\040\000i\000n\000f\000e\000r\000e\000n\000c\000e}{chapter.6}% 76
\BOOKMARK [2][-]{section*.107}{\376\377\000M\000a\000r\000g\000i\000n\000a\000l\000\040\000p\000o\000s\000t\000e\000r\000i\000o\000r\000s\000\040\000o\000f\000\040\000p\000a\000r\000a\000m\000e\000t\000e\000r\000s}{section.6.4}% 77
\BOOKMARK [3][-]{section*.110}{\376\377\000I\000n\000t\000e\000r\000m\000e\000d\000i\000a\000t\000e\000\040\000q\000u\000a\000n\000t\000i\000t\000i\000e\000s}{section*.107}% 78
\BOOKMARK [4][-]{section*.112}{\376\377\000P\000o\000s\000t\000e\000r\000i\000o\000r\000\040\000p\000r\000e\000d\000i\000c\000t\000i\000v\000e\000\040\000d\000i\000s\000t\000r\000i\000b\000u\000t\000i\000o\000n\000s}{section*.110}% 79
\BOOKMARK [1][-]{section.6.5}{\376\377\000F\000o\000r\000e\000c\000a\000s\000t\000i\000n\000g\000\040\000d\000e\000g\000r\000a\000d\000a\000t\000i\000o\000n\000\040\000c\000u\000r\000v\000e\000s}{chapter.6}% 80
\BOOKMARK [1][-]{section.6.6}{\376\377\000C\000o\000m\000p\000a\000r\000i\000s\000o\000n\000\040\000o\000f\000\040\000m\000e\000t\000h\000o\000d\000s}{chapter.6}% 81
\BOOKMARK [1][-]{section.6.7}{\376\377\000F\000a\000i\000l\000u\000r\000e\000\040\000t\000i\000m\000e\000\040\000d\000i\000s\000t\000r\000i\000b\000u\000t\000i\000o\000n\000s}{chapter.6}% 82
\BOOKMARK [1][-]{section.6.8}{\376\377\000D\000i\000s\000c\000u\000s\000s\000i\000o\000n\000s}{chapter.6}% 83
\BOOKMARK [0][-]{chapter.7}{\376\377\000T\000h\000e\000s\000i\000s\000\040\000d\000i\000s\000c\000u\000s\000s\000i\000o\000n}{part.2}% 84
\BOOKMARK [1][-]{section.7.1}{\376\377\000O\000v\000e\000r\000v\000i\000e\000w\000\040\000a\000n\000d\000\040\000m\000a\000i\000n\000\040\000d\000i\000s\000c\000u\000s\000s\000i\000o\000n\000s}{chapter.7}% 85
\BOOKMARK [1][-]{section.7.2}{\376\377\000F\000u\000t\000u\000r\000e\000\040\000d\000i\000r\000e\000c\000t\000i\000o\000n\000s}{chapter.7}% 86
\BOOKMARK [1][-]{section.7.3}{\376\377\000I\000m\000p\000l\000i\000c\000a\000t\000i\000o\000n\000s\000\040\000f\000o\000r\000\040\000i\000n\000d\000u\000s\000t\000r\000y\000\040\000p\000r\000a\000c\000t\000i\000t\000i\000o\000n\000e\000r\000s}{chapter.7}% 87
\BOOKMARK [0][-]{chapter*.123}{\376\377\000R\000e\000f\000e\000r\000e\000n\000c\000e\000s}{part.2}% 88
